This is pdfTeX, Version 3.1415926-2.5-1.40.14 (TeX Live 2013/Debian) (format=pdflatex 2015.9.14)  14 SEP 2015 15:49
entering extended mode
 restricted \write18 enabled.
 %&-line parsing enabled.
**content.tex
(./content.tex
LaTeX2e <2011/06/27>
Babel <3.9h> and hyphenation patterns for 7 languages loaded.
(./einleitung.tex
! Undefined control sequence.
l.1 \chapter
            {Einleitung}
? 
! Emergency stop.
l.1 \chapter
            {Einleitung}
End of file on the terminal!

 
Here is how much of TeX's memory you used:
 8 strings out of 494976
 173 string characters out of 6179137
 46219 words of memory out of 5000000
 3331 multiletter control sequences out of 15000+600000
 3640 words of font info for 14 fonts, out of 8000000 for 9000
 14 hyphenation exceptions out of 8191
 5i,0n,3p,53b,8s stack positions out of 5000i,500n,10000p,200000b,80000s
!  ==> Fatal error occurred, no output PDF file produced!
