\BOOKMARK [0][]{chapter.1}{1 Einleitung}{}% 1
\BOOKMARK [0][]{chapter.2}{2 Projektdefinition}{}% 2
\BOOKMARK [1][-]{section.2.1}{2.1 Zielsetzung und Anforderungen}{chapter.2}% 3
\BOOKMARK [2][-]{subsection.2.1.1}{2.1.1 Must-haves}{section.2.1}% 4
\BOOKMARK [2][-]{subsection.2.1.2}{2.1.2 Nice-to-haves}{section.2.1}% 5
\BOOKMARK [1][-]{section.2.2}{2.2 Features}{chapter.2}% 6
\BOOKMARK [1][-]{section.2.3}{2.3 Priorisierung}{chapter.2}% 7
\BOOKMARK [0][]{chapter.3}{3 Konzept}{}% 8
\BOOKMARK [1][-]{section.3.1}{3.1 Game Design Document}{chapter.3}% 9
\BOOKMARK [2][-]{subsection.3.1.1}{3.1.1 Spielobjekte}{section.3.1}% 10
\BOOKMARK [2][-]{subsection.3.1.2}{3.1.2 User Interface}{section.3.1}% 11
\BOOKMARK [2][-]{subsection.3.1.3}{3.1.3 Sounds}{section.3.1}% 12
\BOOKMARK [2][-]{subsection.3.1.4}{3.1.4 Steuerung}{section.3.1}% 13
\BOOKMARK [2][-]{subsection.3.1.5}{3.1.5 Levels}{section.3.1}% 14
\BOOKMARK [1][-]{section.3.2}{3.2 Hardware}{chapter.3}% 15
\BOOKMARK [2][-]{subsection.3.2.1}{3.2.1 Smovetec}{section.3.2}% 16
\BOOKMARK [2][-]{subsection.3.2.2}{3.2.2 Sensor-Tags}{section.3.2}% 17
\BOOKMARK [1][-]{section.3.3}{3.3 Architektur}{chapter.3}% 18
\BOOKMARK [1][-]{section.3.4}{3.4 Werkzeuge und Technologien}{chapter.3}% 19
\BOOKMARK [0][]{chapter.4}{4 Recherche}{}% 20
\BOOKMARK [1][-]{section.4.1}{4.1 \304hnliche Spielideen}{chapter.4}% 21
\BOOKMARK [2][-]{subsection.4.1.1}{4.1.1 Skyroads}{section.4.1}% 22
\BOOKMARK [2][-]{subsection.4.1.2}{4.1.2 AudioSmurveadelicForShizzleMyNizzle}{section.4.1}% 23
\BOOKMARK [1][-]{section.4.2}{4.2 Spiele mit Fahrradergometern}{chapter.4}% 24
\BOOKMARK [2][-]{subsection.4.2.1}{4.2.1 Atari Puffer}{section.4.2}% 25
\BOOKMARK [2][-]{subsection.4.2.2}{4.2.2 Thera Trainer}{section.4.2}% 26
\BOOKMARK [2][-]{subsection.4.2.3}{4.2.3 Jeff Sinclaire - Edith Cowan University}{section.4.2}% 27
\BOOKMARK [2][-]{subsection.4.2.4}{4.2.4 Ergo Active}{section.4.2}% 28
\BOOKMARK [0][]{chapter.5}{5 Methoden und Vorgehen}{}% 29
\BOOKMARK [1][-]{section.5.1}{5.1 Controlling}{chapter.5}% 30
\BOOKMARK [0][]{chapter.6}{6 Planung}{}% 31
\BOOKMARK [1][-]{section.6.1}{6.1 Projektplanung}{chapter.6}% 32
\BOOKMARK [1][-]{section.6.2}{6.2 Zeitplanung}{chapter.6}% 33
\BOOKMARK [1][-]{section.6.3}{6.3 Meilensteine}{chapter.6}% 34
\BOOKMARK [1][-]{section.6.4}{6.4 Arbeitspakte}{chapter.6}% 35
\BOOKMARK [2][-]{subsection.6.4.1}{6.4.1 Koordination und Organisation}{section.6.4}% 36
\BOOKMARK [2][-]{subsection.6.4.2}{6.4.2 Konzeption und Findung der Spielidee}{section.6.4}% 37
\BOOKMARK [2][-]{subsection.6.4.3}{6.4.3 Recherche}{section.6.4}% 38
\BOOKMARK [2][-]{subsection.6.4.4}{6.4.4 Entwicklung des Spielgrundger\374sts}{section.6.4}% 39
\BOOKMARK [2][-]{subsection.6.4.5}{6.4.5 Leveldesign}{section.6.4}% 40
\BOOKMARK [2][-]{subsection.6.4.6}{6.4.6 Steuerung}{section.6.4}% 41
\BOOKMARK [2][-]{subsection.6.4.7}{6.4.7 Audiovisuelle Gestaltung}{section.6.4}% 42
\BOOKMARK [2][-]{subsection.6.4.8}{6.4.8 GUI}{section.6.4}% 43
\BOOKMARK [2][-]{subsection.6.4.9}{6.4.9 Benutzerdokumentation}{section.6.4}% 44
\BOOKMARK [2][-]{subsection.6.4.10}{6.4.10 Entwicklerdokumentation}{section.6.4}% 45
\BOOKMARK [0][]{chapter.7}{7 Umsetzung}{}% 46
\BOOKMARK [0][]{chapter.8}{8 Zusammenfassung und Ausblick}{}% 47
\BOOKMARK [0][]{dummy.1}{Literaturverzeichnis}{}% 48
